c:\users\mr.小世界\documents\visual studio 2017\projects\apicoc\arm\release\libapicoc.so.recipe
c:\users\mr.小世界\documents\visual studio 2017\projects\apicoc\apicoc\arm\release\convertutf.o
c:\users\mr.小世界\documents\visual studio 2017\projects\apicoc\apicoc\arm\release\linenoise.o
c:\users\mr.小世界\documents\visual studio 2017\projects\apicoc\apicoc\arm\release\wcwidth.o
c:\users\mr.小世界\documents\visual studio 2017\projects\apicoc\apicoc\arm\release\apicoc.o
c:\users\mr.小世界\documents\visual studio 2017\projects\apicoc\apicoc\arm\release\clibrary.o
c:\users\mr.小世界\documents\visual studio 2017\projects\apicoc\apicoc\arm\release\ctype.o
c:\users\mr.小世界\documents\visual studio 2017\projects\apicoc\apicoc\arm\release\errno.o
c:\users\mr.小世界\documents\visual studio 2017\projects\apicoc\apicoc\arm\release\math.o
c:\users\mr.小世界\documents\visual studio 2017\projects\apicoc\apicoc\arm\release\stdbool.o
c:\users\mr.小世界\documents\visual studio 2017\projects\apicoc\apicoc\arm\release\stdio.o
c:\users\mr.小世界\documents\visual studio 2017\projects\apicoc\apicoc\arm\release\stdlib.o
c:\users\mr.小世界\documents\visual studio 2017\projects\apicoc\apicoc\arm\release\string.o
c:\users\mr.小世界\documents\visual studio 2017\projects\apicoc\apicoc\arm\release\time.o
c:\users\mr.小世界\documents\visual studio 2017\projects\apicoc\apicoc\arm\release\unistd.o
c:\users\mr.小世界\documents\visual studio 2017\projects\apicoc\apicoc\arm\release\debug.o
c:\users\mr.小世界\documents\visual studio 2017\projects\apicoc\apicoc\arm\release\expression.o
c:\users\mr.小世界\documents\visual studio 2017\projects\apicoc\apicoc\arm\release\heap.o
c:\users\mr.小世界\documents\visual studio 2017\projects\apicoc\apicoc\arm\release\include.o
c:\users\mr.小世界\documents\visual studio 2017\projects\apicoc\apicoc\arm\release\lex.o
c:\users\mr.小世界\documents\visual studio 2017\projects\apicoc\apicoc\arm\release\parse.o
c:\users\mr.小世界\documents\visual studio 2017\projects\apicoc\apicoc\arm\release\picoc.o
c:\users\mr.小世界\documents\visual studio 2017\projects\apicoc\apicoc\arm\release\platform.o
c:\users\mr.小世界\documents\visual studio 2017\projects\apicoc\apicoc\arm\release\library_unix.o
c:\users\mr.小世界\documents\visual studio 2017\projects\apicoc\apicoc\arm\release\platform_unix.o
c:\users\mr.小世界\documents\visual studio 2017\projects\apicoc\apicoc\arm\release\table.o
c:\users\mr.小世界\documents\visual studio 2017\projects\apicoc\apicoc\arm\release\type.o
c:\users\mr.小世界\documents\visual studio 2017\projects\apicoc\apicoc\arm\release\variable.o
c:\users\mr.小世界\documents\visual studio 2017\projects\apicoc\apicoc\arm\release\libapicoc.so
c:\users\mr.小世界\documents\visual studio 2017\projects\apicoc\apicoc\arm\release\apicoc.tlog\apicoc.write.1u.tlog
c:\users\mr.小世界\documents\visual studio 2017\projects\apicoc\apicoc\arm\release\apicoc.tlog\arm-linux-androideabi-ar.command.1.tlog
c:\users\mr.小世界\documents\visual studio 2017\projects\apicoc\apicoc\arm\release\apicoc.tlog\arm-linux-androideabi-ar.read.1.tlog
c:\users\mr.小世界\documents\visual studio 2017\projects\apicoc\apicoc\arm\release\apicoc.tlog\arm-linux-androideabi-gcc.command.1.tlog
c:\users\mr.小世界\documents\visual studio 2017\projects\apicoc\apicoc\arm\release\apicoc.tlog\microsoft.build.cpptasks.clangcompile.read.1.tlog
c:\users\mr.小世界\documents\visual studio 2017\projects\apicoc\apicoc\arm\release\apicoc.tlog\microsoft.build.cpptasks.clangcompile.write.1.tlog
c:\users\mr.小世界\documents\visual studio 2017\projects\apicoc\apicoc\arm\release\apicoc.tlog\microsoft.build.cpptasks.clanglink.read.1.tlog
c:\users\mr.小世界\documents\visual studio 2017\projects\apicoc\apicoc\arm\release\apicoc.tlog\microsoft.build.cpptasks.clanglink.write.1.tlog
